[ 2015-12-04T18:49:58+08:00 ] 127.0.0.1 /xiazai
ERR: 无法加载控制器:Xiazai

[ 2015-12-04T18:50:00+08:00 ] 127.0.0.1 /xiazai
ERR: 无法加载控制器:Xiazai

[ 2015-12-04T18:50:00+08:00 ] 127.0.0.1 /xiazai
ERR: 无法加载控制器:Xiazai

[ 2015-12-04T18:50:00+08:00 ] 127.0.0.1 /xiazai
ERR: 无法加载控制器:Xiazai

[ 2015-12-04T18:50:00+08:00 ] 127.0.0.1 /xiazai
ERR: 无法加载控制器:Xiazai

[ 2015-12-04T18:50:01+08:00 ] 127.0.0.1 /xiazai
ERR: 无法加载控制器:Xiazai

[ 2015-12-04T18:50:01+08:00 ] 127.0.0.1 /xiazai
ERR: 无法加载控制器:Xiazai

[ 2015-12-04T18:50:14+08:00 ] 127.0.0.1 /xiazai
ERR: 无法加载控制器:Xiazai

[ 2015-12-04T18:50:20+08:00 ] 127.0.0.1 /xiazai
ERR: 无法加载控制器:Xiazai

[ 2015-12-04T18:50:21+08:00 ] 127.0.0.1 /xiazai
ERR: 无法加载控制器:Xiazai

[ 2015-12-04T18:50:21+08:00 ] 127.0.0.1 /xiazai
ERR: 无法加载控制器:Xiazai

[ 2015-12-04T18:50:21+08:00 ] 127.0.0.1 /xiazai
ERR: 无法加载控制器:Xiazai

[ 2015-12-04T18:50:22+08:00 ] 127.0.0.1 /xiazai
ERR: 无法加载控制器:Xiazai

[ 2015-12-04T18:50:22+08:00 ] 127.0.0.1 /xiazai
ERR: 无法加载控制器:Xiazai

[ 2015-12-04T18:50:22+08:00 ] 127.0.0.1 /xiazai
ERR: 无法加载控制器:Xiazai

[ 2015-12-04T18:50:22+08:00 ] 127.0.0.1 /xiazai
ERR: 无法加载控制器:Xiazai

[ 2015-12-04T18:55:45+08:00 ] 127.0.0.1 /admin
ERR: 无法加载控制器:Admin

[ 2015-12-04T18:55:47+08:00 ] 127.0.0.1 /admin
ERR: 无法加载控制器:Admin

[ 2015-12-04T18:56:23+08:00 ] 127.0.0.1 /admin
ERR: 无法加载控制器:Admin

[ 2015-12-04T18:56:45+08:00 ] 127.0.0.1 /skin-config.html
INFO: [ app_begin ] --START--
INFO: Run Behavior\ReadHtmlCacheBehavior [ RunTime:0.000000s ]
INFO: [ app_begin ] --END-- [ RunTime:0.000000s ]
SQL: SHOW COLUMNS FROM `des_option` [ RunTime:0.0090s ]
SQL: SELECT * FROM `des_option` WHERE `key` = 'host_name' LIMIT 1   [ RunTime:0.0080s ]
SQL: SELECT * FROM `des_option` WHERE `key` = 'host_title' LIMIT 1   [ RunTime:0.0080s ]
SQL: SELECT * FROM `des_option` WHERE `key` = 'host_title2' LIMIT 1   [ RunTime:0.0070s ]
SQL: SELECT * FROM `des_option` WHERE `key` = 'host_keyword' LIMIT 1   [ RunTime:0.0080s ]
SQL: SELECT * FROM `des_option` WHERE `key` = 'host_description' LIMIT 1   [ RunTime:0.0080s ]
SQL: SELECT * FROM `des_option` WHERE `key` = 'host_beian' LIMIT 1   [ RunTime:0.0080s ]
SQL: SELECT * FROM `des_option` WHERE `key` = 'host_url' LIMIT 1   [ RunTime:0.0080s ]
SQL: SHOW COLUMNS FROM `des_nav` [ RunTime:0.0090s ]
SQL: SELECT * FROM `des_nav` WHERE `status` = 1 AND `parent_id` = 0  [ RunTime:0.0090s ]
SQL: SELECT * FROM `des_nav` WHERE `parent_id` = 11  [ RunTime:0.0080s ]
SQL: SHOW COLUMNS FROM `des_category` [ RunTime:0.0070s ]
SQL: SELECT * FROM `des_category` WHERE `alias` = 'skin-config' LIMIT 1   [ RunTime:0.0000s ]
SQL: SELECT `id` FROM `des_category` WHERE `alias` = 'skin-config' LIMIT 1   [ RunTime:0.0156s ]
SQL: SHOW COLUMNS FROM `des_center` [ RunTime:0.0000s ]
SQL: SELECT COUNT(*) AS tp_count FROM `des_center` WHERE `cate_id` = 0 AND `status` = 1 LIMIT 1   [ RunTime:0.0156s ]
SQL: SELECT * FROM `des_center` LEFT JOIN des_center_count ON des_center_count.center_id = des_center.id LEFT JOIN des_center_hits ON des_center.id = des_center_hits.center_id  WHERE `cate_id` = 0 AND `status` = 1 ORDER BY id asc LIMIT 0,13   [ RunTime:0.0156s ]
INFO: [ view_parse ] --START--
INFO: [ template_filter ] --START--
INFO: Run Behavior\ContentReplaceBehavior [ RunTime:0.000000s ]
INFO: [ template_filter ] --END-- [ RunTime:0.000000s ]
SQL: SELECT * FROM `des_center` ORDER BY id desc LIMIT 9   [ RunTime:0.6470s ]
SQL: SHOW COLUMNS FROM `des_links` [ RunTime:0.0468s ]
SQL: SELECT * FROM `des_links` WHERE `type` = 1  [ RunTime:0.0156s ]
NOTIC: [8] Undefined index: link E:\www\des\Cache\Cache\Content\062c30462b4563300df3e54af720f5fa.php 第 59 行.
NOTIC: [8] Undefined index: link E:\www\des\Cache\Cache\Content\062c30462b4563300df3e54af720f5fa.php 第 59 行.
NOTIC: [8] Undefined index: link E:\www\des\Cache\Cache\Content\062c30462b4563300df3e54af720f5fa.php 第 59 行.
NOTIC: [8] Undefined index: link E:\www\des\Cache\Cache\Content\062c30462b4563300df3e54af720f5fa.php 第 59 行.
NOTIC: [8] Undefined index: link E:\www\des\Cache\Cache\Content\062c30462b4563300df3e54af720f5fa.php 第 59 行.
NOTIC: [8] Undefined index: link E:\www\des\Cache\Cache\Content\062c30462b4563300df3e54af720f5fa.php 第 59 行.
NOTIC: [8] Undefined index: link E:\www\des\Cache\Cache\Content\062c30462b4563300df3e54af720f5fa.php 第 59 行.
NOTIC: [8] Undefined index: link E:\www\des\Cache\Cache\Content\062c30462b4563300df3e54af720f5fa.php 第 59 行.
NOTIC: [8] Undefined index: link E:\www\des\Cache\Cache\Content\062c30462b4563300df3e54af720f5fa.php 第 59 行.
NOTIC: [8] Undefined index: link E:\www\des\Cache\Cache\Content\062c30462b4563300df3e54af720f5fa.php 第 59 行.
NOTIC: [8] Undefined index: link E:\www\des\Cache\Cache\Content\062c30462b4563300df3e54af720f5fa.php 第 59 行.
NOTIC: [8] Undefined index: link E:\www\des\Cache\Cache\Content\062c30462b4563300df3e54af720f5fa.php 第 59 行.
NOTIC: [8] Undefined index: link E:\www\des\Cache\Cache\Content\062c30462b4563300df3e54af720f5fa.php 第 59 行.
NOTIC: [8] Undefined index: link E:\www\des\Cache\Cache\Content\062c30462b4563300df3e54af720f5fa.php 第 59 行.
INFO: Run Behavior\ParseTemplateBehavior [ RunTime:0.709407s ]
INFO: [ view_parse ] --END-- [ RunTime:0.709407s ]
INFO: [ view_filter ] --START--
INFO: Run Behavior\WriteHtmlCacheBehavior [ RunTime:0.000000s ]
INFO: [ view_filter ] --END-- [ RunTime:0.000000s ]
INFO: [ app_end ] --START--
INFO: Run Behavior\ShowPageTraceBehavior [ RunTime:0.000000s ]
INFO: [ app_end ] --END-- [ RunTime:0.000000s ]

[ 2015-12-04T18:56:48+08:00 ] 127.0.0.1 /skin-config.html
INFO: [ app_begin ] --START--
INFO: Run Behavior\ReadHtmlCacheBehavior [ RunTime:0.000000s ]
INFO: [ app_begin ] --END-- [ RunTime:0.000000s ]
SQL: SHOW COLUMNS FROM `des_option` [ RunTime:0.0080s ]
SQL: SELECT * FROM `des_option` WHERE `key` = 'host_name' LIMIT 1   [ RunTime:0.0080s ]
SQL: SELECT * FROM `des_option` WHERE `key` = 'host_title' LIMIT 1   [ RunTime:0.0040s ]
SQL: SELECT * FROM `des_option` WHERE `key` = 'host_title2' LIMIT 1   [ RunTime:0.0000s ]
SQL: SELECT * FROM `des_option` WHERE `key` = 'host_keyword' LIMIT 1   [ RunTime:0.0156s ]
SQL: SELECT * FROM `des_option` WHERE `key` = 'host_description' LIMIT 1   [ RunTime:0.0000s ]
SQL: SELECT * FROM `des_option` WHERE `key` = 'host_beian' LIMIT 1   [ RunTime:0.0156s ]
SQL: SELECT * FROM `des_option` WHERE `key` = 'host_url' LIMIT 1   [ RunTime:0.0000s ]
SQL: SHOW COLUMNS FROM `des_nav` [ RunTime:0.0156s ]
SQL: SELECT * FROM `des_nav` WHERE `status` = 1 AND `parent_id` = 0  [ RunTime:0.0000s ]
SQL: SELECT * FROM `des_nav` WHERE `parent_id` = 11  [ RunTime:0.0156s ]
SQL: SHOW COLUMNS FROM `des_category` [ RunTime:0.0000s ]
SQL: SELECT * FROM `des_category` WHERE `alias` = 'skin-config' LIMIT 1   [ RunTime:0.0156s ]
SQL: SELECT `id` FROM `des_category` WHERE `alias` = 'skin-config' LIMIT 1   [ RunTime:0.0000s ]
SQL: SHOW COLUMNS FROM `des_center` [ RunTime:0.0156s ]
SQL: SELECT COUNT(*) AS tp_count FROM `des_center` WHERE `cate_id` = 0 AND `status` = 1 LIMIT 1   [ RunTime:0.0156s ]
SQL: SELECT * FROM `des_center` LEFT JOIN des_center_count ON des_center_count.center_id = des_center.id LEFT JOIN des_center_hits ON des_center.id = des_center_hits.center_id  WHERE `cate_id` = 0 AND `status` = 1 ORDER BY id asc LIMIT 0,13   [ RunTime:0.0000s ]
INFO: [ view_parse ] --START--
INFO: [ template_filter ] --START--
INFO: Run Behavior\ContentReplaceBehavior [ RunTime:0.000000s ]
INFO: [ template_filter ] --END-- [ RunTime:0.000000s ]
SQL: SELECT * FROM `des_center` ORDER BY id desc LIMIT 9   [ RunTime:0.6078s ]
SQL: SHOW COLUMNS FROM `des_links` [ RunTime:0.0156s ]
SQL: SELECT * FROM `des_links` WHERE `type` = 1  [ RunTime:0.0166s ]
NOTIC: [8] Undefined index: link E:\www\des\Cache\Cache\Content\062c30462b4563300df3e54af720f5fa.php 第 59 行.
NOTIC: [8] Undefined index: link E:\www\des\Cache\Cache\Content\062c30462b4563300df3e54af720f5fa.php 第 59 行.
NOTIC: [8] Undefined index: link E:\www\des\Cache\Cache\Content\062c30462b4563300df3e54af720f5fa.php 第 59 行.
NOTIC: [8] Undefined index: link E:\www\des\Cache\Cache\Content\062c30462b4563300df3e54af720f5fa.php 第 59 行.
NOTIC: [8] Undefined index: link E:\www\des\Cache\Cache\Content\062c30462b4563300df3e54af720f5fa.php 第 59 行.
NOTIC: [8] Undefined index: link E:\www\des\Cache\Cache\Content\062c30462b4563300df3e54af720f5fa.php 第 59 行.
NOTIC: [8] Undefined index: link E:\www\des\Cache\Cache\Content\062c30462b4563300df3e54af720f5fa.php 第 59 行.
NOTIC: [8] Undefined index: link E:\www\des\Cache\Cache\Content\062c30462b4563300df3e54af720f5fa.php 第 59 行.
NOTIC: [8] Undefined index: link E:\www\des\Cache\Cache\Content\062c30462b4563300df3e54af720f5fa.php 第 59 行.
NOTIC: [8] Undefined index: link E:\www\des\Cache\Cache\Content\062c30462b4563300df3e54af720f5fa.php 第 59 行.
NOTIC: [8] Undefined index: link E:\www\des\Cache\Cache\Content\062c30462b4563300df3e54af720f5fa.php 第 59 行.
NOTIC: [8] Undefined index: link E:\www\des\Cache\Cache\Content\062c30462b4563300df3e54af720f5fa.php 第 59 行.
NOTIC: [8] Undefined index: link E:\www\des\Cache\Cache\Content\062c30462b4563300df3e54af720f5fa.php 第 59 行.
NOTIC: [8] Undefined index: link E:\www\des\Cache\Cache\Content\062c30462b4563300df3e54af720f5fa.php 第 59 行.
INFO: Run Behavior\ParseTemplateBehavior [ RunTime:0.640006s ]
INFO: [ view_parse ] --END-- [ RunTime:0.640006s ]
INFO: [ view_filter ] --START--
INFO: Run Behavior\WriteHtmlCacheBehavior [ RunTime:0.000000s ]
INFO: [ view_filter ] --END-- [ RunTime:0.000000s ]
INFO: [ app_end ] --START--
INFO: Run Behavior\ShowPageTraceBehavior [ RunTime:0.001000s ]
INFO: [ app_end ] --END-- [ RunTime:0.001000s ]

[ 2015-12-04T18:57:18+08:00 ] 127.0.0.1 /admin/setting/skin-config.html
INFO: [ app_begin ] --START--
INFO: Run Behavior\ReadHtmlCacheBehavior [ RunTime:0.000000s ]
INFO: [ app_begin ] --END-- [ RunTime:0.000000s ]
SQL: SHOW COLUMNS FROM `des_option` [ RunTime:0.0080s ]
SQL: SELECT * FROM `des_option` WHERE `key` = 'host_name' LIMIT 1   [ RunTime:0.0090s ]
SQL: SELECT * FROM `des_option` WHERE `key` = 'host_title' LIMIT 1   [ RunTime:0.0090s ]
SQL: SELECT * FROM `des_option` WHERE `key` = 'host_title2' LIMIT 1   [ RunTime:0.0080s ]
SQL: SELECT * FROM `des_option` WHERE `key` = 'host_keyword' LIMIT 1   [ RunTime:0.0080s ]
SQL: SELECT * FROM `des_option` WHERE `key` = 'host_description' LIMIT 1   [ RunTime:0.0090s ]
SQL: SELECT * FROM `des_option` WHERE `key` = 'host_beian' LIMIT 1   [ RunTime:0.0090s ]
SQL: SELECT * FROM `des_option` WHERE `key` = 'host_url' LIMIT 1   [ RunTime:0.0020s ]
SQL: SHOW COLUMNS FROM `des_nav` [ RunTime:0.0000s ]
SQL: SELECT * FROM `des_nav` WHERE `status` = 1 AND `parent_id` = 0  [ RunTime:0.0156s ]
SQL: SELECT * FROM `des_nav` WHERE `parent_id` = 11  [ RunTime:0.0156s ]
SQL: SHOW COLUMNS FROM `des_category` [ RunTime:0.0000s ]
SQL: SELECT * FROM `des_category` WHERE `alias` = 'admin' LIMIT 1   [ RunTime:0.0156s ]
SQL: SELECT `id` FROM `des_category` WHERE `alias` = 'admin' LIMIT 1   [ RunTime:0.0000s ]
SQL: SHOW COLUMNS FROM `des_center` [ RunTime:0.0156s ]
SQL: SELECT COUNT(*) AS tp_count FROM `des_center` WHERE `cate_id` = 0 AND `status` = 1 LIMIT 1   [ RunTime:0.0156s ]
SQL: SELECT * FROM `des_center` LEFT JOIN des_center_count ON des_center_count.center_id = des_center.id LEFT JOIN des_center_hits ON des_center.id = des_center_hits.center_id  WHERE `cate_id` = 0 AND `status` = 1 ORDER BY id asc LIMIT 0,13   [ RunTime:0.0000s ]
INFO: [ view_parse ] --START--
INFO: [ template_filter ] --START--
INFO: Run Behavior\ContentReplaceBehavior [ RunTime:0.000000s ]
INFO: [ template_filter ] --END-- [ RunTime:0.000000s ]
SQL: SELECT * FROM `des_center` ORDER BY id desc LIMIT 9   [ RunTime:0.6092s ]
SQL: SHOW COLUMNS FROM `des_links` [ RunTime:0.0080s ]
SQL: SELECT * FROM `des_links` WHERE `type` = 1  [ RunTime:0.0090s ]
NOTIC: [8] Undefined index: link E:\www\des\Cache\Cache\Content\062c30462b4563300df3e54af720f5fa.php 第 59 行.
NOTIC: [8] Undefined index: link E:\www\des\Cache\Cache\Content\062c30462b4563300df3e54af720f5fa.php 第 59 行.
NOTIC: [8] Undefined index: link E:\www\des\Cache\Cache\Content\062c30462b4563300df3e54af720f5fa.php 第 59 行.
NOTIC: [8] Undefined index: link E:\www\des\Cache\Cache\Content\062c30462b4563300df3e54af720f5fa.php 第 59 行.
NOTIC: [8] Undefined index: link E:\www\des\Cache\Cache\Content\062c30462b4563300df3e54af720f5fa.php 第 59 行.
NOTIC: [8] Undefined index: link E:\www\des\Cache\Cache\Content\062c30462b4563300df3e54af720f5fa.php 第 59 行.
NOTIC: [8] Undefined index: link E:\www\des\Cache\Cache\Content\062c30462b4563300df3e54af720f5fa.php 第 59 行.
NOTIC: [8] Undefined index: link E:\www\des\Cache\Cache\Content\062c30462b4563300df3e54af720f5fa.php 第 59 行.
NOTIC: [8] Undefined index: link E:\www\des\Cache\Cache\Content\062c30462b4563300df3e54af720f5fa.php 第 59 行.
NOTIC: [8] Undefined index: link E:\www\des\Cache\Cache\Content\062c30462b4563300df3e54af720f5fa.php 第 59 行.
NOTIC: [8] Undefined index: link E:\www\des\Cache\Cache\Content\062c30462b4563300df3e54af720f5fa.php 第 59 行.
NOTIC: [8] Undefined index: link E:\www\des\Cache\Cache\Content\062c30462b4563300df3e54af720f5fa.php 第 59 行.
NOTIC: [8] Undefined index: link E:\www\des\Cache\Cache\Content\062c30462b4563300df3e54af720f5fa.php 第 59 行.
NOTIC: [8] Undefined index: link E:\www\des\Cache\Cache\Content\062c30462b4563300df3e54af720f5fa.php 第 59 行.
INFO: Run Behavior\ParseTemplateBehavior [ RunTime:0.642812s ]
INFO: [ view_parse ] --END-- [ RunTime:0.642812s ]
INFO: [ view_filter ] --START--
INFO: Run Behavior\WriteHtmlCacheBehavior [ RunTime:0.000000s ]
INFO: [ view_filter ] --END-- [ RunTime:0.000000s ]
INFO: [ app_end ] --START--
INFO: Run Behavior\ShowPageTraceBehavior [ RunTime:0.000000s ]
INFO: [ app_end ] --END-- [ RunTime:0.000000s ]

[ 2015-12-04T19:02:03+08:00 ] 127.0.0.1 /xiazai
ERR: 无法加载控制器:Xiazai

[ 2015-12-04T19:14:56+08:00 ] 127.0.0.1 /admin/skin-config.html
INFO: [ app_begin ] --START--
INFO: Run Behavior\ReadHtmlCacheBehavior [ RunTime:0.000000s ]
INFO: [ app_begin ] --END-- [ RunTime:0.000000s ]
SQL: SHOW COLUMNS FROM `des_option` [ RunTime:0.0090s ]
SQL: SELECT * FROM `des_option` WHERE `key` = 'host_name' LIMIT 1   [ RunTime:0.0080s ]
SQL: SELECT * FROM `des_option` WHERE `key` = 'host_title' LIMIT 1   [ RunTime:0.0080s ]
SQL: SELECT * FROM `des_option` WHERE `key` = 'host_title2' LIMIT 1   [ RunTime:0.0040s ]
SQL: SELECT * FROM `des_option` WHERE `key` = 'host_keyword' LIMIT 1   [ RunTime:0.0000s ]
SQL: SELECT * FROM `des_option` WHERE `key` = 'host_description' LIMIT 1   [ RunTime:0.0156s ]
SQL: SELECT * FROM `des_option` WHERE `key` = 'host_beian' LIMIT 1   [ RunTime:0.0000s ]
SQL: SELECT * FROM `des_option` WHERE `key` = 'host_url' LIMIT 1   [ RunTime:0.0156s ]
SQL: SHOW COLUMNS FROM `des_nav` [ RunTime:0.0000s ]
SQL: SELECT * FROM `des_nav` WHERE `status` = 1 AND `parent_id` = 0  [ RunTime:0.0156s ]
SQL: SELECT * FROM `des_nav` WHERE `parent_id` = 11  [ RunTime:0.0000s ]
SQL: SHOW COLUMNS FROM `des_category` [ RunTime:0.0156s ]
SQL: SELECT * FROM `des_category` WHERE `alias` = 'admin' LIMIT 1   [ RunTime:0.0156s ]
SQL: SELECT `id` FROM `des_category` WHERE `alias` = 'admin' LIMIT 1   [ RunTime:0.0000s ]
INFO: [ view_parse ] --START--
INFO: [ template_filter ] --START--
INFO: Run Behavior\ContentReplaceBehavior [ RunTime:0.000000s ]
INFO: [ template_filter ] --END-- [ RunTime:0.000000s ]
INFO: Run Behavior\ParseTemplateBehavior [ RunTime:0.000000s ]
INFO: [ view_parse ] --END-- [ RunTime:0.000000s ]
INFO: [ view_filter ] --START--
INFO: Run Behavior\WriteHtmlCacheBehavior [ RunTime:0.000000s ]
INFO: [ view_filter ] --END-- [ RunTime:0.000000s ]
INFO: [ app_end ] --START--
INFO: Run Behavior\ShowPageTraceBehavior [ RunTime:0.000000s ]
INFO: [ app_end ] --END-- [ RunTime:0.000000s ]

